2019-05-10 16:50:41 下午 [Thread: main][ Class:site.acacia.flea.App >> Method: 48 ]
INFO:Starting App on PC-20170415YQBG with PID 3996 (G:\work-jsp\flea-manager-web\target\classes started by Administrator in G:\work-jsp\flea-manager-web)
2019-05-10 16:50:41 下午 [Thread: main][ Class:site.acacia.flea.App >> Method: 51 ]
DEBUG:Running with Spring Boot v1.5.6.RELEASE, Spring v4.3.10.RELEASE
2019-05-10 16:50:41 下午 [Thread: main][ Class:site.acacia.flea.App >> Method: 593 ]
INFO:No active profile set, falling back to default profiles: default
2019-05-10 16:51:44 下午 [Thread: main][ Class:site.acacia.flea.App >> Method: 48 ]
INFO:Starting App on PC-20170415YQBG with PID 6760 (G:\work-jsp\flea-manager-web\target\classes started by Administrator in G:\work-jsp\flea-manager-web)
2019-05-10 16:51:44 下午 [Thread: main][ Class:site.acacia.flea.App >> Method: 51 ]
DEBUG:Running with Spring Boot v1.5.6.RELEASE, Spring v4.3.10.RELEASE
2019-05-10 16:51:44 下午 [Thread: main][ Class:site.acacia.flea.App >> Method: 593 ]
INFO:No active profile set, falling back to default profiles: default
2019-05-10 16:52:00 下午 [Thread: main][ Class:site.acacia.flea.App >> Method: 57 ]
INFO:Started App in 16.45 seconds (JVM running for 17.002)
2019-05-10 16:55:11 下午 [Thread: http-nio-8081-exec-5][ Class:site.acacia.flea.interceptor.LoginIntercepter >> Method: 51 ]
INFO:USER(Null) Request address：  [OPTIONS] http://192.168.0.104:8081/api/user/qiniu/upload
2019-05-10 16:55:12 下午 [Thread: http-nio-8081-exec-6][ Class:site.acacia.flea.interceptor.LoginIntercepter >> Method: 70 ]
INFO:USER(o-RcB5YS1uHpo7XCwboVqE3yutAE) Request address：  [POST] http://192.168.0.104:8081/api/user/qiniu/upload
2019-05-10 16:55:12 下午 [Thread: http-nio-8081-exec-6][ Class:site.acacia.flea.controller.PictureController >> Method: 94 ]
INFO:==> Request parameter: uploadFile
2019-05-10 17:11:12 下午 [Thread: main][ Class:site.acacia.flea.App >> Method: 48 ]
INFO:Starting App on PC-20170415YQBG with PID 4716 (G:\work-jsp\flea-manager-web\target\classes started by Administrator in G:\work-jsp\flea-manager-web)
2019-05-10 17:11:12 下午 [Thread: main][ Class:site.acacia.flea.App >> Method: 51 ]
DEBUG:Running with Spring Boot v1.5.6.RELEASE, Spring v4.3.10.RELEASE
2019-05-10 17:11:12 下午 [Thread: main][ Class:site.acacia.flea.App >> Method: 593 ]
INFO:No active profile set, falling back to default profiles: default
2019-05-10 17:13:15 下午 [Thread: main][ Class:site.acacia.flea.App >> Method: 57 ]
INFO:Started App in 123.844 seconds (JVM running for 124.465)
2019-05-10 17:13:53 下午 [Thread: http-nio-8081-exec-1][ Class:site.acacia.flea.interceptor.LoginIntercepter >> Method: 51 ]
INFO:USER(Null) Request address：  [OPTIONS] http://192.168.0.104:8081/api/user/qiniu/upload
2019-05-10 17:13:53 下午 [Thread: http-nio-8081-exec-2][ Class:site.acacia.flea.interceptor.LoginIntercepter >> Method: 70 ]
INFO:USER(o-RcB5YS1uHpo7XCwboVqE3yutAE) Request address：  [POST] http://192.168.0.104:8081/api/user/qiniu/upload
2019-05-10 17:13:53 下午 [Thread: http-nio-8081-exec-2][ Class:site.acacia.flea.controller.PictureController >> Method: 94 ]
INFO:==> Request parameter: uploadFile
2019-05-10 17:17:40 下午 [Thread: main][ Class:site.acacia.flea.App >> Method: 48 ]
INFO:Starting App on PC-20170415YQBG with PID 9132 (G:\work-jsp\flea-manager-web\target\classes started by Administrator in G:\work-jsp\flea-manager-web)
2019-05-10 17:17:40 下午 [Thread: main][ Class:site.acacia.flea.App >> Method: 51 ]
DEBUG:Running with Spring Boot v1.5.6.RELEASE, Spring v4.3.10.RELEASE
2019-05-10 17:17:40 下午 [Thread: main][ Class:site.acacia.flea.App >> Method: 593 ]
INFO:No active profile set, falling back to default profiles: default
2019-05-10 17:18:47 下午 [Thread: main][ Class:site.acacia.flea.App >> Method: 48 ]
INFO:Starting App on PC-20170415YQBG with PID 4760 (G:\work-jsp\flea-manager-web\target\classes started by Administrator in G:\work-jsp\flea-manager-web)
2019-05-10 17:18:47 下午 [Thread: main][ Class:site.acacia.flea.App >> Method: 51 ]
DEBUG:Running with Spring Boot v1.5.6.RELEASE, Spring v4.3.10.RELEASE
2019-05-10 17:18:47 下午 [Thread: main][ Class:site.acacia.flea.App >> Method: 593 ]
INFO:No active profile set, falling back to default profiles: default
2019-05-10 17:19:06 下午 [Thread: main][ Class:site.acacia.flea.App >> Method: 57 ]
INFO:Started App in 19.962 seconds (JVM running for 20.506)
2019-05-10 17:19:19 下午 [Thread: http-nio-8081-exec-1][ Class:site.acacia.flea.interceptor.LoginIntercepter >> Method: 70 ]
INFO:USER(o-RcB5YS1uHpo7XCwboVqE3yutAE) Request address：  [POST] http://192.168.0.104:8081/api/user/qiniu/upload
2019-05-10 17:19:19 下午 [Thread: http-nio-8081-exec-1][ Class:site.acacia.flea.controller.PictureController >> Method: 96 ]
INFO:==> Request parameter: uploadFile
2019-05-10 17:22:35 下午 [Thread: main][ Class:site.acacia.flea.App >> Method: 48 ]
INFO:Starting App on PC-20170415YQBG with PID 5252 (G:\work-jsp\flea-manager-web\target\classes started by Administrator in G:\work-jsp\flea-manager-web)
2019-05-10 17:22:35 下午 [Thread: main][ Class:site.acacia.flea.App >> Method: 51 ]
DEBUG:Running with Spring Boot v1.5.6.RELEASE, Spring v4.3.10.RELEASE
2019-05-10 17:22:35 下午 [Thread: main][ Class:site.acacia.flea.App >> Method: 593 ]
INFO:No active profile set, falling back to default profiles: default
2019-05-10 17:22:52 下午 [Thread: main][ Class:site.acacia.flea.App >> Method: 57 ]
INFO:Started App in 17.396 seconds (JVM running for 18.015)
2019-05-10 17:22:58 下午 [Thread: http-nio-8081-exec-1][ Class:site.acacia.flea.interceptor.LoginIntercepter >> Method: 70 ]
INFO:USER(o-RcB5YS1uHpo7XCwboVqE3yutAE) Request address：  [POST] http://192.168.0.104:8081/api/user/qiniu/upload
2019-05-10 17:22:58 下午 [Thread: http-nio-8081-exec-1][ Class:site.acacia.flea.controller.PictureController >> Method: 96 ]
INFO:==> Request parameter: uploadFile
2019-05-10 19:02:12 下午 [Thread: http-nio-8081-exec-3][ Class:site.acacia.flea.interceptor.LoginIntercepter >> Method: 51 ]
INFO:USER(Null) Request address：  [OPTIONS] http://192.168.0.104:8081/api/user/qiniu/upload
2019-05-10 19:02:12 下午 [Thread: http-nio-8081-exec-4][ Class:site.acacia.flea.interceptor.LoginIntercepter >> Method: 70 ]
INFO:USER(o-RcB5YS1uHpo7XCwboVqE3yutAE) Request address：  [POST] http://192.168.0.104:8081/api/user/qiniu/upload
2019-05-10 19:02:12 下午 [Thread: http-nio-8081-exec-4][ Class:site.acacia.flea.controller.PictureController >> Method: 96 ]
INFO:==> Request parameter: uploadFile
2019-05-10 19:07:03 下午 [Thread: http-nio-8081-exec-6][ Class:site.acacia.flea.interceptor.LoginIntercepter >> Method: 70 ]
INFO:USER(o-RcB5YS1uHpo7XCwboVqE3yutAE) Request address：  [POST] http://192.168.0.104:8081/api/user/qiniu/upload
2019-05-10 19:07:03 下午 [Thread: http-nio-8081-exec-6][ Class:site.acacia.flea.controller.PictureController >> Method: 96 ]
INFO:==> Request parameter: uploadFile
2019-05-10 19:08:44 下午 [Thread: http-nio-8081-exec-9][ Class:site.acacia.flea.interceptor.LoginIntercepter >> Method: 70 ]
INFO:USER(o-RcB5YS1uHpo7XCwboVqE3yutAE) Request address：  [POST] http://192.168.0.104:8081/api/user/qiniu/upload
2019-05-10 19:08:44 下午 [Thread: http-nio-8081-exec-9][ Class:site.acacia.flea.controller.PictureController >> Method: 96 ]
INFO:==> Request parameter: uploadFile
2019-05-10 19:13:59 下午 [Thread: http-nio-8081-exec-10][ Class:site.acacia.flea.interceptor.LoginIntercepter >> Method: 51 ]
INFO:USER(Null) Request address：  [OPTIONS] http://192.168.0.104:8081/api/user/qiniu/upload
2019-05-10 19:14:00 下午 [Thread: http-nio-8081-exec-1][ Class:site.acacia.flea.interceptor.LoginIntercepter >> Method: 70 ]
INFO:USER(o-RcB5YS1uHpo7XCwboVqE3yutAE) Request address：  [POST] http://192.168.0.104:8081/api/user/qiniu/upload
2019-05-10 19:14:00 下午 [Thread: http-nio-8081-exec-1][ Class:site.acacia.flea.controller.PictureController >> Method: 96 ]
INFO:==> Request parameter: uploadFile
2019-05-10 19:16:26 下午 [Thread: http-nio-8081-exec-3][ Class:site.acacia.flea.interceptor.LoginIntercepter >> Method: 70 ]
INFO:USER(o-RcB5YS1uHpo7XCwboVqE3yutAE) Request address：  [POST] http://192.168.0.104:8081/api/user/qiniu/upload
2019-05-10 19:16:26 下午 [Thread: http-nio-8081-exec-3][ Class:site.acacia.flea.controller.PictureController >> Method: 96 ]
INFO:==> Request parameter: uploadFile
2019-05-10 19:19:09 下午 [Thread: http-nio-8081-exec-5][ Class:site.acacia.flea.interceptor.LoginIntercepter >> Method: 70 ]
INFO:USER(o-RcB5YS1uHpo7XCwboVqE3yutAE) Request address：  [POST] http://192.168.0.104:8081/api/user/qiniu/upload
2019-05-10 19:19:09 下午 [Thread: http-nio-8081-exec-5][ Class:site.acacia.flea.controller.PictureController >> Method: 96 ]
INFO:==> Request parameter: uploadFile
2019-05-10 19:20:50 下午 [Thread: http-nio-8081-exec-7][ Class:site.acacia.flea.interceptor.LoginIntercepter >> Method: 70 ]
INFO:USER(o-RcB5YS1uHpo7XCwboVqE3yutAE) Request address：  [POST] http://192.168.0.104:8081/api/user/qiniu/upload
2019-05-10 19:20:50 下午 [Thread: http-nio-8081-exec-7][ Class:site.acacia.flea.controller.PictureController >> Method: 96 ]
INFO:==> Request parameter: uploadFile
2019-05-10 19:23:20 下午 [Thread: http-nio-8081-exec-8][ Class:site.acacia.flea.interceptor.LoginIntercepter >> Method: 70 ]
INFO:USER(o-RcB5YS1uHpo7XCwboVqE3yutAE) Request address：  [POST] http://192.168.0.104:8081/api/user/qiniu/upload
2019-05-10 19:23:20 下午 [Thread: http-nio-8081-exec-8][ Class:site.acacia.flea.controller.PictureController >> Method: 96 ]
INFO:==> Request parameter: uploadFile
2019-05-10 19:24:03 下午 [Thread: http-nio-8081-exec-10][ Class:site.acacia.flea.interceptor.LoginIntercepter >> Method: 51 ]
INFO:USER(Null) Request address：  [OPTIONS] http://192.168.0.104:8081/api/user/qiniu/upload
2019-05-10 19:24:03 下午 [Thread: http-nio-8081-exec-1][ Class:site.acacia.flea.interceptor.LoginIntercepter >> Method: 70 ]
INFO:USER(o-RcB5YS1uHpo7XCwboVqE3yutAE) Request address：  [POST] http://192.168.0.104:8081/api/user/qiniu/upload
2019-05-10 19:24:03 下午 [Thread: http-nio-8081-exec-1][ Class:site.acacia.flea.controller.PictureController >> Method: 96 ]
INFO:==> Request parameter: uploadFile
2019-05-10 19:33:18 下午 [Thread: http-nio-8081-exec-3][ Class:site.acacia.flea.interceptor.LoginIntercepter >> Method: 70 ]
INFO:USER(o-RcB5Vq1prfQxTpOdpPq7U0hcFY) Request address：  [POST] http://192.168.0.104:8081/api/user/qiniu/upload
2019-05-10 19:33:18 下午 [Thread: http-nio-8081-exec-3][ Class:site.acacia.flea.controller.PictureController >> Method: 96 ]
INFO:==> Request parameter: uploadFile
2019-05-10 19:37:20 下午 [Thread: http-nio-8081-exec-4][ Class:site.acacia.flea.interceptor.LoginIntercepter >> Method: 70 ]
INFO:USER(o-RcB5Vq1prfQxTpOdpPq7U0hcFY) Request address：  [POST] http://192.168.0.104:8081/api/user/qiniu/upload
2019-05-10 19:37:20 下午 [Thread: http-nio-8081-exec-4][ Class:site.acacia.flea.controller.PictureController >> Method: 96 ]
INFO:==> Request parameter: uploadFile
2019-05-10 19:37:54 下午 [Thread: http-nio-8081-exec-5][ Class:site.acacia.flea.interceptor.LoginIntercepter >> Method: 70 ]
INFO:USER(o-RcB5Vq1prfQxTpOdpPq7U0hcFY) Request address：  [POST] http://192.168.0.104:8081/api/user/qiniu/upload
2019-05-10 19:37:54 下午 [Thread: http-nio-8081-exec-5][ Class:site.acacia.flea.controller.PictureController >> Method: 96 ]
INFO:==> Request parameter: uploadFile
2019-05-10 19:38:11 下午 [Thread: http-nio-8081-exec-6][ Class:site.acacia.flea.interceptor.LoginIntercepter >> Method: 70 ]
INFO:USER(o-RcB5Vq1prfQxTpOdpPq7U0hcFY) Request address：  [POST] http://192.168.0.104:8081/api/user/qiniu/upload
2019-05-10 19:38:11 下午 [Thread: http-nio-8081-exec-6][ Class:site.acacia.flea.controller.PictureController >> Method: 96 ]
INFO:==> Request parameter: uploadFile
2019-05-10 19:38:35 下午 [Thread: http-nio-8081-exec-7][ Class:site.acacia.flea.interceptor.LoginIntercepter >> Method: 70 ]
INFO:USER(o-RcB5Vq1prfQxTpOdpPq7U0hcFY) Request address：  [POST] http://192.168.0.104:8081/api/user/qiniu/upload
2019-05-10 19:38:35 下午 [Thread: http-nio-8081-exec-7][ Class:site.acacia.flea.controller.PictureController >> Method: 96 ]
INFO:==> Request parameter: uploadFile
2019-05-10 19:42:43 下午 [Thread: http-nio-8081-exec-9][ Class:site.acacia.flea.interceptor.LoginIntercepter >> Method: 70 ]
INFO:USER(o-RcB5Vq1prfQxTpOdpPq7U0hcFY) Request address：  [POST] http://192.168.0.104:8081/api/user/qiniu/upload
2019-05-10 19:42:43 下午 [Thread: http-nio-8081-exec-9][ Class:site.acacia.flea.controller.PictureController >> Method: 96 ]
INFO:==> Request parameter: uploadFile
2019-05-10 19:42:56 下午 [Thread: http-nio-8081-exec-8][ Class:site.acacia.flea.interceptor.LoginIntercepter >> Method: 70 ]
INFO:USER(o-RcB5Vq1prfQxTpOdpPq7U0hcFY) Request address：  [POST] http://192.168.0.104:8081/api/user/qiniu/upload
2019-05-10 19:42:56 下午 [Thread: http-nio-8081-exec-8][ Class:site.acacia.flea.controller.PictureController >> Method: 96 ]
INFO:==> Request parameter: uploadFile
2019-05-10 19:43:58 下午 [Thread: http-nio-8081-exec-10][ Class:site.acacia.flea.interceptor.LoginIntercepter >> Method: 51 ]
INFO:USER(Null) Request address：  [OPTIONS] http://192.168.0.104:8081/api/user/qiniu/upload
2019-05-10 19:43:58 下午 [Thread: http-nio-8081-exec-1][ Class:site.acacia.flea.interceptor.LoginIntercepter >> Method: 70 ]
INFO:USER(o-RcB5YS1uHpo7XCwboVqE3yutAE) Request address：  [POST] http://192.168.0.104:8081/api/user/qiniu/upload
2019-05-10 19:43:58 下午 [Thread: http-nio-8081-exec-1][ Class:site.acacia.flea.controller.PictureController >> Method: 96 ]
INFO:==> Request parameter: uploadFile
2019-05-10 19:44:22 下午 [Thread: http-nio-8081-exec-2][ Class:site.acacia.flea.interceptor.LoginIntercepter >> Method: 70 ]
INFO:USER(o-RcB5Vq1prfQxTpOdpPq7U0hcFY) Request address：  [POST] http://192.168.0.104:8081/api/user/qiniu/upload
2019-05-10 19:44:22 下午 [Thread: http-nio-8081-exec-2][ Class:site.acacia.flea.controller.PictureController >> Method: 96 ]
INFO:==> Request parameter: uploadFile
