2018-10-31 18:08:46,750 INFO (StartupInfoLogger.java:48)- Starting App on PC-20170415YQBG with PID 8056 (G:\work-jsp\flea-content\flea-content-server\target\classes started by Administrator in G:\work-jsp\flea-content\flea-content-server)
2018-10-31 18:08:47,155 DEBUG (StartupInfoLogger.java:51)- Running with Spring Boot v1.5.6.RELEASE, Spring v4.3.10.RELEASE
2018-10-31 18:08:47,155 INFO (SpringApplication.java:593)- No active profile set, falling back to default profiles: default
2018-10-31 18:10:17,699 INFO (StartupInfoLogger.java:48)- Starting App on PC-20170415YQBG with PID 8544 (G:\work-jsp\flea-content\flea-content-server\target\classes started by Administrator in G:\work-jsp\flea-content\flea-content-server)
2018-10-31 18:10:17,703 DEBUG (StartupInfoLogger.java:51)- Running with Spring Boot v1.5.6.RELEASE, Spring v4.3.10.RELEASE
2018-10-31 18:10:17,704 INFO (SpringApplication.java:593)- No active profile set, falling back to default profiles: default
2018-10-31 18:11:35,510 INFO (StartupInfoLogger.java:48)- Starting App on PC-20170415YQBG with PID 8488 (G:\work-jsp\flea-content\flea-content-server\target\classes started by Administrator in G:\work-jsp\flea-content\flea-content-server)
2018-10-31 18:11:35,516 DEBUG (StartupInfoLogger.java:51)- Running with Spring Boot v1.5.6.RELEASE, Spring v4.3.10.RELEASE
2018-10-31 18:11:35,516 INFO (SpringApplication.java:593)- No active profile set, falling back to default profiles: default
2018-10-31 18:14:18,915 INFO (StartupInfoLogger.java:48)- Starting App on PC-20170415YQBG with PID 8688 (G:\work-jsp\flea-content\flea-content-server\target\classes started by Administrator in G:\work-jsp\flea-content\flea-content-server)
2018-10-31 18:14:18,921 DEBUG (StartupInfoLogger.java:51)- Running with Spring Boot v1.5.6.RELEASE, Spring v4.3.10.RELEASE
2018-10-31 18:14:18,921 INFO (SpringApplication.java:593)- No active profile set, falling back to default profiles: default
2018-10-31 18:14:29,393 INFO (StartupInfoLogger.java:57)- Started App in 11.311 seconds (JVM running for 12.094)
2018-10-31 18:21:28,238 DEBUG (BaseJdbcLogger.java:159)- ==>  Preparing: select con_cat_id, con_cat_name, con_cat_parent_id, con_cat_sort_order, con_cat_is_parent, con_cat_status, created from tb_content_cat WHERE ( con_cat_parent_id = ? ) 
2018-10-31 18:21:28,329 DEBUG (BaseJdbcLogger.java:159)- ==> Parameters: 0(Integer)
2018-10-31 18:21:28,750 DEBUG (BaseJdbcLogger.java:159)- <==      Total: 1
2018-10-31 18:21:29,081 DEBUG (BaseJdbcLogger.java:159)- ==>  Preparing: select con_cat_id, con_cat_name, con_cat_parent_id, con_cat_sort_order, con_cat_is_parent, con_cat_status, created from tb_content_cat WHERE ( con_cat_parent_id = ? ) 
2018-10-31 18:21:29,083 DEBUG (BaseJdbcLogger.java:159)- ==> Parameters: 0(Integer)
2018-10-31 18:21:29,127 DEBUG (BaseJdbcLogger.java:159)- <==      Total: 1
2018-10-31 18:21:31,300 DEBUG (BaseJdbcLogger.java:159)- ==>  Preparing: select con_cat_id, con_cat_name, con_cat_parent_id, con_cat_sort_order, con_cat_is_parent, con_cat_status, created from tb_content_cat WHERE ( con_cat_parent_id = ? ) 
2018-10-31 18:21:31,302 DEBUG (BaseJdbcLogger.java:159)- ==> Parameters: 1(Integer)
2018-10-31 18:21:31,720 DEBUG (BaseJdbcLogger.java:159)- <==      Total: 2
2018-10-31 18:21:32,874 DEBUG (BaseJdbcLogger.java:159)- ==>  Preparing: select con_cat_id, con_cat_name, con_cat_parent_id, con_cat_sort_order, con_cat_is_parent, con_cat_status, created from tb_content_cat WHERE ( con_cat_parent_id = ? ) 
2018-10-31 18:21:32,876 DEBUG (BaseJdbcLogger.java:159)- ==> Parameters: 20(Integer)
2018-10-31 18:21:32,904 DEBUG (BaseJdbcLogger.java:159)- <==      Total: 2
2018-10-31 18:21:39,605 DEBUG (BaseJdbcLogger.java:159)- ==>  Preparing: select con_cat_id, con_cat_name, con_cat_parent_id, con_cat_sort_order, con_cat_is_parent, con_cat_status, created from tb_content_cat WHERE ( con_cat_parent_id = ? ) 
2018-10-31 18:21:39,634 DEBUG (BaseJdbcLogger.java:159)- ==> Parameters: 0(Integer)
2018-10-31 18:21:39,656 DEBUG (BaseJdbcLogger.java:159)- <==      Total: 1
2018-10-31 18:21:39,767 DEBUG (BaseJdbcLogger.java:159)- ==>  Preparing: select con_cat_id, con_cat_name, con_cat_parent_id, con_cat_sort_order, con_cat_is_parent, con_cat_status, created from tb_content_cat WHERE ( con_cat_parent_id = ? ) 
2018-10-31 18:21:39,769 DEBUG (BaseJdbcLogger.java:159)- ==> Parameters: 0(Integer)
2018-10-31 18:21:39,843 DEBUG (BaseJdbcLogger.java:159)- <==      Total: 1
2018-10-31 18:21:40,617 DEBUG (BaseJdbcLogger.java:159)- ==>  Preparing: select content_id, con_cat_id, content_title, sub_title, title_desc, content_pic, content_url, content_create, content_update , content from tb_content 
2018-10-31 18:21:40,626 DEBUG (BaseJdbcLogger.java:159)- ==> Parameters: 
2018-10-31 18:21:40,650 DEBUG (BaseJdbcLogger.java:159)- <==      Total: 0
2018-10-31 18:21:42,996 DEBUG (BaseJdbcLogger.java:159)- ==>  Preparing: select con_cat_id, con_cat_name, con_cat_parent_id, con_cat_sort_order, con_cat_is_parent, con_cat_status, created from tb_content_cat WHERE ( con_cat_parent_id = ? ) 
2018-10-31 18:21:43,006 DEBUG (BaseJdbcLogger.java:159)- ==> Parameters: 1(Integer)
2018-10-31 18:21:43,031 DEBUG (BaseJdbcLogger.java:159)- <==      Total: 2
2018-10-31 18:21:44,237 DEBUG (BaseJdbcLogger.java:159)- ==>  Preparing: select con_cat_id, con_cat_name, con_cat_parent_id, con_cat_sort_order, con_cat_is_parent, con_cat_status, created from tb_content_cat WHERE ( con_cat_parent_id = ? ) 
2018-10-31 18:21:44,289 DEBUG (BaseJdbcLogger.java:159)- ==> Parameters: 20(Integer)
2018-10-31 18:21:44,312 DEBUG (BaseJdbcLogger.java:159)- <==      Total: 2
2018-10-31 18:21:51,047 DEBUG (BaseJdbcLogger.java:159)- ==>  Preparing: select con_cat_id, con_cat_name, con_cat_parent_id, con_cat_sort_order, con_cat_is_parent, con_cat_status, created from tb_content_cat WHERE ( con_cat_parent_id = ? ) 
2018-10-31 18:21:51,048 DEBUG (BaseJdbcLogger.java:159)- ==> Parameters: 0(Integer)
2018-10-31 18:21:51,068 DEBUG (BaseJdbcLogger.java:159)- <==      Total: 1
2018-10-31 18:21:51,097 DEBUG (BaseJdbcLogger.java:159)- ==>  Preparing: select con_cat_id, con_cat_name, con_cat_parent_id, con_cat_sort_order, con_cat_is_parent, con_cat_status, created from tb_content_cat WHERE ( con_cat_parent_id = ? ) 
2018-10-31 18:21:51,098 DEBUG (BaseJdbcLogger.java:159)- ==> Parameters: 0(Integer)
2018-10-31 18:21:51,124 DEBUG (BaseJdbcLogger.java:159)- <==      Total: 1
2018-10-31 18:21:52,505 DEBUG (BaseJdbcLogger.java:159)- ==>  Preparing: select con_cat_id, con_cat_name, con_cat_parent_id, con_cat_sort_order, con_cat_is_parent, con_cat_status, created from tb_content_cat WHERE ( con_cat_parent_id = ? ) 
2018-10-31 18:21:52,513 DEBUG (BaseJdbcLogger.java:159)- ==> Parameters: 1(Integer)
2018-10-31 18:21:52,565 DEBUG (BaseJdbcLogger.java:159)- <==      Total: 2
2018-10-31 18:21:53,258 DEBUG (BaseJdbcLogger.java:159)- ==>  Preparing: select con_cat_id, con_cat_name, con_cat_parent_id, con_cat_sort_order, con_cat_is_parent, con_cat_status, created from tb_content_cat WHERE ( con_cat_parent_id = ? ) 
2018-10-31 18:21:53,259 DEBUG (BaseJdbcLogger.java:159)- ==> Parameters: 20(Integer)
2018-10-31 18:21:53,316 DEBUG (BaseJdbcLogger.java:159)- <==      Total: 2
2018-10-31 18:22:10,325 DEBUG (BaseJdbcLogger.java:159)- ==>  Preparing: insert into tb_content_cat (con_cat_id, con_cat_name, con_cat_parent_id, con_cat_sort_order, con_cat_is_parent, con_cat_status, created) values (?, ?, ?, ?, ?, ?, ?) 
2018-10-31 18:22:10,345 DEBUG (BaseJdbcLogger.java:159)- ==> Parameters: null, 首页轮播图(String), 20(Integer), 1(Integer), 0(Byte), 1(Byte), 2018-10-31 18:22:10.265(Timestamp)
2018-10-31 18:22:10,572 DEBUG (BaseJdbcLogger.java:159)- <==    Updates: 1
2018-10-31 18:22:10,593 DEBUG (BaseJdbcLogger.java:159)- ==>  Preparing: select con_cat_id, con_cat_name, con_cat_parent_id, con_cat_sort_order, con_cat_is_parent, con_cat_status, created from tb_content_cat where con_cat_id = ? 
2018-10-31 18:22:10,595 DEBUG (BaseJdbcLogger.java:159)- ==> Parameters: 20(Integer)
2018-10-31 18:22:10,617 DEBUG (BaseJdbcLogger.java:159)- <==      Total: 1
2018-10-31 18:22:18,033 DEBUG (BaseJdbcLogger.java:159)- ==>  Preparing: select con_cat_id, con_cat_name, con_cat_parent_id, con_cat_sort_order, con_cat_is_parent, con_cat_status, created from tb_content_cat WHERE ( con_cat_parent_id = ? ) 
2018-10-31 18:22:18,044 DEBUG (BaseJdbcLogger.java:159)- ==> Parameters: 0(Integer)
2018-10-31 18:22:18,069 DEBUG (BaseJdbcLogger.java:159)- <==      Total: 1
2018-10-31 18:22:18,140 DEBUG (BaseJdbcLogger.java:159)- ==>  Preparing: select con_cat_id, con_cat_name, con_cat_parent_id, con_cat_sort_order, con_cat_is_parent, con_cat_status, created from tb_content_cat WHERE ( con_cat_parent_id = ? ) 
2018-10-31 18:22:18,141 DEBUG (BaseJdbcLogger.java:159)- ==> Parameters: 0(Integer)
2018-10-31 18:22:18,163 DEBUG (BaseJdbcLogger.java:159)- ==>  Preparing: select content_id, con_cat_id, content_title, sub_title, title_desc, content_pic, content_url, content_create, content_update , content from tb_content 
2018-10-31 18:22:18,164 DEBUG (BaseJdbcLogger.java:159)- ==> Parameters: 
2018-10-31 18:22:18,182 DEBUG (BaseJdbcLogger.java:159)- <==      Total: 1
2018-10-31 18:22:18,227 DEBUG (BaseJdbcLogger.java:159)- <==      Total: 0
2018-10-31 18:22:18,965 DEBUG (BaseJdbcLogger.java:159)- ==>  Preparing: select con_cat_id, con_cat_name, con_cat_parent_id, con_cat_sort_order, con_cat_is_parent, con_cat_status, created from tb_content_cat WHERE ( con_cat_parent_id = ? ) 
2018-10-31 18:22:18,967 DEBUG (BaseJdbcLogger.java:159)- ==> Parameters: 1(Integer)
2018-10-31 18:22:19,068 DEBUG (BaseJdbcLogger.java:159)- <==      Total: 2
2018-10-31 18:22:20,090 DEBUG (BaseJdbcLogger.java:159)- ==>  Preparing: select con_cat_id, con_cat_name, con_cat_parent_id, con_cat_sort_order, con_cat_is_parent, con_cat_status, created from tb_content_cat WHERE ( con_cat_parent_id = ? ) 
2018-10-31 18:22:20,094 DEBUG (BaseJdbcLogger.java:159)- ==> Parameters: 20(Integer)
2018-10-31 18:22:20,112 DEBUG (BaseJdbcLogger.java:159)- <==      Total: 3
2018-10-31 18:22:21,405 DEBUG (BaseJdbcLogger.java:159)- ==>  Preparing: select content_id, con_cat_id, content_title, sub_title, title_desc, content_pic, content_url, content_create, content_update , content from tb_content WHERE ( con_cat_id = ? ) 
2018-10-31 18:22:21,406 DEBUG (BaseJdbcLogger.java:159)- ==> Parameters: 35(Integer)
2018-10-31 18:22:21,480 DEBUG (BaseJdbcLogger.java:159)- <==      Total: 0
2018-10-31 18:58:15,688 DEBUG (BaseJdbcLogger.java:159)- ==>  Preparing: select content_id, con_cat_id, content_title, sub_title, title_desc, content_pic, content_url, content_create, content_update , content from tb_content 
2018-10-31 18:58:15,688 DEBUG (BaseJdbcLogger.java:159)- ==>  Preparing: select con_cat_id, con_cat_name, con_cat_parent_id, con_cat_sort_order, con_cat_is_parent, con_cat_status, created from tb_content_cat WHERE ( con_cat_parent_id = ? ) 
2018-10-31 18:58:17,172 DEBUG (BaseJdbcLogger.java:159)- ==> Parameters: 
2018-10-31 18:58:17,207 DEBUG (BaseJdbcLogger.java:159)- ==> Parameters: 0(Integer)
2018-10-31 18:58:18,276 DEBUG (BaseJdbcLogger.java:159)- <==      Total: 0
2018-10-31 18:58:19,018 DEBUG (BaseJdbcLogger.java:159)- <==      Total: 1
2018-10-31 18:58:19,696 DEBUG (BaseJdbcLogger.java:159)- ==>  Preparing: select con_cat_id, con_cat_name, con_cat_parent_id, con_cat_sort_order, con_cat_is_parent, con_cat_status, created from tb_content_cat WHERE ( con_cat_parent_id = ? ) 
2018-10-31 18:58:19,698 DEBUG (BaseJdbcLogger.java:159)- ==> Parameters: 0(Integer)
2018-10-31 18:58:19,723 DEBUG (BaseJdbcLogger.java:159)- <==      Total: 1
2018-10-31 18:58:27,379 DEBUG (BaseJdbcLogger.java:159)- ==>  Preparing: select con_cat_id, con_cat_name, con_cat_parent_id, con_cat_sort_order, con_cat_is_parent, con_cat_status, created from tb_content_cat WHERE ( con_cat_parent_id = ? ) 
2018-10-31 18:58:27,380 DEBUG (BaseJdbcLogger.java:159)- ==> Parameters: 1(Integer)
2018-10-31 18:58:27,414 DEBUG (BaseJdbcLogger.java:159)- <==      Total: 2
2018-10-31 18:58:28,945 DEBUG (BaseJdbcLogger.java:159)- ==>  Preparing: select con_cat_id, con_cat_name, con_cat_parent_id, con_cat_sort_order, con_cat_is_parent, con_cat_status, created from tb_content_cat WHERE ( con_cat_parent_id = ? ) 
2018-10-31 18:58:28,946 DEBUG (BaseJdbcLogger.java:159)- ==> Parameters: 20(Integer)
2018-10-31 18:58:29,008 DEBUG (BaseJdbcLogger.java:159)- <==      Total: 3
2018-10-31 18:58:31,892 DEBUG (BaseJdbcLogger.java:159)- ==>  Preparing: select content_id, con_cat_id, content_title, sub_title, title_desc, content_pic, content_url, content_create, content_update , content from tb_content WHERE ( con_cat_id = ? ) 
2018-10-31 18:58:31,893 DEBUG (BaseJdbcLogger.java:159)- ==> Parameters: 35(Integer)
2018-10-31 18:58:31,929 DEBUG (BaseJdbcLogger.java:159)- <==      Total: 0
2018-10-31 19:01:08,991 DEBUG (BaseJdbcLogger.java:159)- ==>  Preparing: select content_id, con_cat_id, content_title, sub_title, title_desc, content_pic, content_url, content_create, content_update , content from tb_content 
2018-10-31 19:01:08,991 DEBUG (BaseJdbcLogger.java:159)- ==>  Preparing: select con_cat_id, con_cat_name, con_cat_parent_id, con_cat_sort_order, con_cat_is_parent, con_cat_status, created from tb_content_cat WHERE ( con_cat_parent_id = ? ) 
2018-10-31 19:01:08,993 DEBUG (BaseJdbcLogger.java:159)- ==> Parameters: 
2018-10-31 19:01:09,032 DEBUG (BaseJdbcLogger.java:159)- ==> Parameters: 0(Integer)
2018-10-31 19:01:09,420 DEBUG (BaseJdbcLogger.java:159)- <==      Total: 0
2018-10-31 19:01:09,431 DEBUG (BaseJdbcLogger.java:159)- <==      Total: 1
2018-10-31 19:01:09,646 DEBUG (BaseJdbcLogger.java:159)- ==>  Preparing: select con_cat_id, con_cat_name, con_cat_parent_id, con_cat_sort_order, con_cat_is_parent, con_cat_status, created from tb_content_cat WHERE ( con_cat_parent_id = ? ) 
2018-10-31 19:01:09,646 DEBUG (BaseJdbcLogger.java:159)- ==> Parameters: 0(Integer)
2018-10-31 19:01:09,668 DEBUG (BaseJdbcLogger.java:159)- <==      Total: 1
2018-10-31 19:01:20,104 DEBUG (BaseJdbcLogger.java:159)- ==>  Preparing: select con_cat_id, con_cat_name, con_cat_parent_id, con_cat_sort_order, con_cat_is_parent, con_cat_status, created from tb_content_cat WHERE ( con_cat_parent_id = ? ) 
2018-10-31 19:01:20,118 DEBUG (BaseJdbcLogger.java:159)- ==> Parameters: 1(Integer)
2018-10-31 19:01:20,144 DEBUG (BaseJdbcLogger.java:159)- <==      Total: 2
2018-10-31 19:01:21,023 DEBUG (BaseJdbcLogger.java:159)- ==>  Preparing: select con_cat_id, con_cat_name, con_cat_parent_id, con_cat_sort_order, con_cat_is_parent, con_cat_status, created from tb_content_cat WHERE ( con_cat_parent_id = ? ) 
2018-10-31 19:01:21,024 DEBUG (BaseJdbcLogger.java:159)- ==> Parameters: 20(Integer)
2018-10-31 19:01:21,059 DEBUG (BaseJdbcLogger.java:159)- <==      Total: 3
2018-10-31 19:01:22,746 DEBUG (BaseJdbcLogger.java:159)- ==>  Preparing: select content_id, con_cat_id, content_title, sub_title, title_desc, content_pic, content_url, content_create, content_update , content from tb_content WHERE ( con_cat_id = ? ) 
2018-10-31 19:01:22,747 DEBUG (BaseJdbcLogger.java:159)- ==> Parameters: 35(Integer)
2018-10-31 19:01:22,792 DEBUG (BaseJdbcLogger.java:159)- <==      Total: 0
2018-10-31 19:28:25,519 INFO (StartupInfoLogger.java:48)- Starting App on PC-20170415YQBG with PID 7060 (G:\work-jsp\flea-content\flea-content-server\target\classes started by Administrator in G:\work-jsp\flea-content\flea-content-server)
2018-10-31 19:28:25,528 DEBUG (StartupInfoLogger.java:51)- Running with Spring Boot v1.5.6.RELEASE, Spring v4.3.10.RELEASE
2018-10-31 19:28:25,529 INFO (SpringApplication.java:593)- No active profile set, falling back to default profiles: default
2018-10-31 19:28:48,691 INFO (StartupInfoLogger.java:57)- Started App in 27.811 seconds (JVM running for 37.745)
2018-10-31 19:41:15,404 DEBUG (BaseJdbcLogger.java:159)- ==>  Preparing: select con_cat_id, con_cat_name, con_cat_parent_id, con_cat_sort_order, con_cat_is_parent, con_cat_status, created from tb_content_cat WHERE ( con_cat_parent_id = ? ) 
2018-10-31 19:41:15,418 DEBUG (BaseJdbcLogger.java:159)- ==>  Preparing: select content_id, con_cat_id, content_title, sub_title, title_desc, content_pic, content_url, content_create, content_update , content from tb_content 
2018-10-31 19:41:15,426 DEBUG (BaseJdbcLogger.java:159)- ==>  Preparing: select con_cat_id, con_cat_name, con_cat_parent_id, con_cat_sort_order, con_cat_is_parent, con_cat_status, created from tb_content_cat WHERE ( con_cat_parent_id = ? ) 
2018-10-31 19:41:15,405 DEBUG (BaseJdbcLogger.java:159)- ==>  Preparing: select con_cat_id, con_cat_name, con_cat_parent_id, con_cat_sort_order, con_cat_is_parent, con_cat_status, created from tb_content_cat WHERE ( con_cat_parent_id = ? ) 
2018-10-31 19:41:15,429 DEBUG (BaseJdbcLogger.java:159)- ==>  Preparing: select con_cat_id, con_cat_name, con_cat_parent_id, con_cat_sort_order, con_cat_is_parent, con_cat_status, created from tb_content_cat WHERE ( con_cat_parent_id = ? ) 
2018-10-31 19:41:15,525 DEBUG (BaseJdbcLogger.java:159)- ==> Parameters: 
2018-10-31 19:41:15,529 DEBUG (BaseJdbcLogger.java:159)- ==> Parameters: 0(Integer)
2018-10-31 19:41:15,529 DEBUG (BaseJdbcLogger.java:159)- ==> Parameters: 0(Integer)
2018-10-31 19:41:15,529 DEBUG (BaseJdbcLogger.java:159)- ==> Parameters: 0(Integer)
2018-10-31 19:41:15,529 DEBUG (BaseJdbcLogger.java:159)- ==> Parameters: 0(Integer)
2018-10-31 19:41:15,741 DEBUG (BaseJdbcLogger.java:159)- <==      Total: 0
2018-10-31 19:41:15,745 DEBUG (BaseJdbcLogger.java:159)- <==      Total: 1
2018-10-31 19:41:15,747 DEBUG (BaseJdbcLogger.java:159)- <==      Total: 1
2018-10-31 19:41:15,751 DEBUG (BaseJdbcLogger.java:159)- <==      Total: 1
2018-10-31 19:41:15,752 DEBUG (BaseJdbcLogger.java:159)- <==      Total: 1
2018-10-31 19:42:26,125 DEBUG (BaseJdbcLogger.java:159)- ==>  Preparing: select con_cat_id, con_cat_name, con_cat_parent_id, con_cat_sort_order, con_cat_is_parent, con_cat_status, created from tb_content_cat WHERE ( con_cat_parent_id = ? ) 
2018-10-31 19:42:26,127 DEBUG (BaseJdbcLogger.java:159)- ==> Parameters: 1(Integer)
2018-10-31 19:42:26,153 DEBUG (BaseJdbcLogger.java:159)- <==      Total: 2
2018-10-31 19:42:27,037 DEBUG (BaseJdbcLogger.java:159)- ==>  Preparing: select con_cat_id, con_cat_name, con_cat_parent_id, con_cat_sort_order, con_cat_is_parent, con_cat_status, created from tb_content_cat WHERE ( con_cat_parent_id = ? ) 
2018-10-31 19:42:27,038 DEBUG (BaseJdbcLogger.java:159)- ==> Parameters: 20(Integer)
2018-10-31 19:42:27,066 DEBUG (BaseJdbcLogger.java:159)- <==      Total: 3
2018-10-31 19:42:27,974 DEBUG (BaseJdbcLogger.java:159)- ==>  Preparing: select content_id, con_cat_id, content_title, sub_title, title_desc, content_pic, content_url, content_create, content_update , content from tb_content WHERE ( con_cat_id = ? ) 
2018-10-31 19:42:27,976 DEBUG (BaseJdbcLogger.java:159)- ==> Parameters: 35(Integer)
2018-10-31 19:42:27,994 DEBUG (BaseJdbcLogger.java:159)- <==      Total: 0
