2019-05-17 21:23:10 下午 [Thread: main][ Class:site.acacia.flea.search.App >> Method: 48 ]
INFO:Starting App on PC-20170415YQBG with PID 1360 (G:\work-jsp\flea-search-web\target\classes started by Administrator in G:\work-jsp\flea-search-web)
2019-05-17 21:23:10 下午 [Thread: main][ Class:site.acacia.flea.search.App >> Method: 51 ]
DEBUG:Running with Spring Boot v1.5.6.RELEASE, Spring v4.3.10.RELEASE
2019-05-17 21:23:10 下午 [Thread: main][ Class:site.acacia.flea.search.App >> Method: 593 ]
INFO:No active profile set, falling back to default profiles: default
2019-05-17 21:23:17 下午 [Thread: main][ Class:site.acacia.flea.search.App >> Method: 57 ]
INFO:Started App in 8.588 seconds (JVM running for 9.307)
2019-05-17 21:38:42 下午 [Thread: main][ Class:site.acacia.flea.search.App >> Method: 48 ]
INFO:Starting App on PC-20170415YQBG with PID 448 (G:\work-jsp\flea-search-web\target\classes started by Administrator in G:\work-jsp\flea-search-web)
2019-05-17 21:38:42 下午 [Thread: main][ Class:site.acacia.flea.search.App >> Method: 51 ]
DEBUG:Running with Spring Boot v1.5.6.RELEASE, Spring v4.3.10.RELEASE
2019-05-17 21:38:42 下午 [Thread: main][ Class:site.acacia.flea.search.App >> Method: 593 ]
INFO:No active profile set, falling back to default profiles: default
2019-05-17 21:38:49 下午 [Thread: main][ Class:site.acacia.flea.search.App >> Method: 57 ]
INFO:Started App in 7.559 seconds (JVM running for 8.317)
2019-05-17 21:52:32 下午 [Thread: main][ Class:site.acacia.flea.search.App >> Method: 48 ]
INFO:Starting App on PC-20170415YQBG with PID 6076 (G:\work-jsp\flea-search-web\target\classes started by Administrator in G:\work-jsp\flea-search-web)
2019-05-17 21:52:32 下午 [Thread: main][ Class:site.acacia.flea.search.App >> Method: 51 ]
DEBUG:Running with Spring Boot v1.5.6.RELEASE, Spring v4.3.10.RELEASE
2019-05-17 21:52:32 下午 [Thread: main][ Class:site.acacia.flea.search.App >> Method: 593 ]
INFO:No active profile set, falling back to default profiles: default
2019-05-17 21:52:39 下午 [Thread: main][ Class:site.acacia.flea.search.App >> Method: 57 ]
INFO:Started App in 7.954 seconds (JVM running for 8.578)
2019-05-17 22:42:49 下午 [Thread: main][ Class:site.acacia.flea.search.App >> Method: 48 ]
INFO:Starting App on PC-20170415YQBG with PID 4204 (G:\work-jsp\flea-search-web\target\classes started by Administrator in G:\work-jsp\flea-search-web)
2019-05-17 22:42:49 下午 [Thread: main][ Class:site.acacia.flea.search.App >> Method: 51 ]
DEBUG:Running with Spring Boot v1.5.6.RELEASE, Spring v4.3.10.RELEASE
2019-05-17 22:42:49 下午 [Thread: main][ Class:site.acacia.flea.search.App >> Method: 593 ]
INFO:No active profile set, falling back to default profiles: default
2019-05-17 22:42:57 下午 [Thread: main][ Class:site.acacia.flea.search.App >> Method: 57 ]
INFO:Started App in 8.668 seconds (JVM running for 9.333)
2019-05-17 22:52:20 下午 [Thread: main][ Class:site.acacia.flea.search.App >> Method: 48 ]
INFO:Starting App on PC-20170415YQBG with PID 7996 (G:\work-jsp\flea-search-web\target\classes started by Administrator in G:\work-jsp\flea-search-web)
2019-05-17 22:52:20 下午 [Thread: main][ Class:site.acacia.flea.search.App >> Method: 51 ]
DEBUG:Running with Spring Boot v1.5.6.RELEASE, Spring v4.3.10.RELEASE
2019-05-17 22:52:20 下午 [Thread: main][ Class:site.acacia.flea.search.App >> Method: 593 ]
INFO:No active profile set, falling back to default profiles: default
2019-05-17 22:52:27 下午 [Thread: main][ Class:site.acacia.flea.search.App >> Method: 57 ]
INFO:Started App in 7.811 seconds (JVM running for 8.494)
2019-05-17 23:01:26 下午 [Thread: main][ Class:site.acacia.flea.search.App >> Method: 48 ]
INFO:Starting App on PC-20170415YQBG with PID 8400 (G:\work-jsp\flea-search-web\target\classes started by Administrator in G:\work-jsp\flea-search-web)
2019-05-17 23:01:26 下午 [Thread: main][ Class:site.acacia.flea.search.App >> Method: 51 ]
DEBUG:Running with Spring Boot v1.5.6.RELEASE, Spring v4.3.10.RELEASE
2019-05-17 23:01:26 下午 [Thread: main][ Class:site.acacia.flea.search.App >> Method: 593 ]
INFO:No active profile set, falling back to default profiles: default
2019-05-17 23:01:58 下午 [Thread: main][ Class:site.acacia.flea.search.App >> Method: 48 ]
INFO:Starting App on PC-20170415YQBG with PID 6168 (G:\work-jsp\flea-search-web\target\classes started by Administrator in G:\work-jsp\flea-search-web)
2019-05-17 23:01:58 下午 [Thread: main][ Class:site.acacia.flea.search.App >> Method: 51 ]
DEBUG:Running with Spring Boot v1.5.6.RELEASE, Spring v4.3.10.RELEASE
2019-05-17 23:01:58 下午 [Thread: main][ Class:site.acacia.flea.search.App >> Method: 593 ]
INFO:No active profile set, falling back to default profiles: default
2019-05-17 23:02:05 下午 [Thread: main][ Class:site.acacia.flea.search.App >> Method: 57 ]
INFO:Started App in 8.154 seconds (JVM running for 8.804)
2019-05-17 23:10:38 下午 [Thread: main][ Class:site.acacia.flea.search.App >> Method: 48 ]
INFO:Starting App on PC-20170415YQBG with PID 4240 (G:\work-jsp\flea-search-web\target\classes started by Administrator in G:\work-jsp\flea-search-web)
2019-05-17 23:10:38 下午 [Thread: main][ Class:site.acacia.flea.search.App >> Method: 51 ]
DEBUG:Running with Spring Boot v1.5.6.RELEASE, Spring v4.3.10.RELEASE
2019-05-17 23:10:38 下午 [Thread: main][ Class:site.acacia.flea.search.App >> Method: 593 ]
INFO:No active profile set, falling back to default profiles: default
2019-05-17 23:10:45 下午 [Thread: main][ Class:site.acacia.flea.search.App >> Method: 57 ]
INFO:Started App in 7.339 seconds (JVM running for 7.867)
